g:\repos\vulkansandbox\vulkansandbox\x64\release\vc141.pdb
g:\repos\vulkansandbox\vulkansandbox\x64\release\sbbuffer.obj
g:\repos\vulkansandbox\vulkansandbox\x64\release\main.obj
g:\repos\vulkansandbox\vulkansandbox\x64\release\glfwsetup.obj
g:\repos\vulkansandbox\vulkansandbox\x64\release\fbxsdkstuff.obj
g:\repos\vulkansandbox\vulkansandbox\x64\release\animationstuff.obj
g:\repos\vulkansandbox\vulkansandbox\x64\release\animationkeys.obj
g:\repos\vulkansandbox\vulkansandbox\x64\release\skeletonanimation.obj
g:\repos\vulkansandbox\vulkansandbox\x64\release\skeletalanimationcomponent.obj
g:\repos\vulkansandbox\vulkansandbox\x64\release\sbtextureimage.obj
g:\repos\vulkansandbox\vulkansandbox\x64\release\sbshaderlayout.obj
g:\repos\vulkansandbox\vulkansandbox\x64\release\sbmaterialdescriptorset.obj
g:\repos\vulkansandbox\vulkansandbox\x64\release\sbimage.obj
g:\repos\vulkansandbox\vulkansandbox\x64\release\sbdescriptorset.obj
g:\repos\vulkansandbox\vulkansandbox\x64\release\sbdescriptor.obj
g:\repos\vulkansandbox\vulkansandbox\x64\release\resourcemanager.obj
g:\repos\vulkansandbox\vulkansandbox\x64\release\myrenderpass.obj
g:\repos\vulkansandbox\vulkansandbox\x64\release\model.obj
g:\repos\vulkansandbox\vulkansandbox\x64\release\hellotriangleapplication.obj
g:\repos\vulkansandbox\vulkansandbox\x64\release\entities.obj
g:\repos\vulkansandbox\vulkansandbox\x64\release\asset.obj
g:\repos\vulkansandbox\vulkansandbox\x64\release\spirv_hlsl.obj
g:\repos\vulkansandbox\vulkansandbox\x64\release\spirv_glsl.obj
g:\repos\vulkansandbox\vulkansandbox\x64\release\spirv_cross_util.obj
g:\repos\vulkansandbox\vulkansandbox\x64\release\spirv_cross_parsed_ir.obj
g:\repos\vulkansandbox\vulkansandbox\x64\release\spirv_cross_c.obj
g:\repos\vulkansandbox\vulkansandbox\x64\release\spirv_cross.obj
g:\repos\vulkansandbox\vulkansandbox\x64\release\spirv_cpp.obj
g:\repos\vulkansandbox\vulkansandbox\x64\release\spirv_cfg.obj
g:\repos\vulkansandbox\vulkansandbox\x64\release\skeletonanimationsystem.obj
g:\repos\vulkansandbox\vulkansandbox\x64\release\sbvulkanbase.obj
g:\repos\vulkansandbox\vulkansandbox\x64\release\sbuniformbuffer.obj
g:\repos\vulkansandbox\vulkansandbox\x64\release\sbswapchain.obj
g:\repos\vulkansandbox\vulkansandbox\x64\release\sbrenderpass.obj
g:\repos\vulkansandbox\vulkansandbox\x64\release\sbpipeline.obj
g:\repos\vulkansandbox\vulkansandbox\x64\release\sbdescriptorpool.obj
g:\repos\vulkansandbox\vulkansandbox\x64\release\sbcamera.obj
g:\repos\vulkansandbox\vulkansandbox\x64\release\sbrenderpassattachment.obj
g:\repos\vulkansandbox\vulkansandbox\x64\release\sbphysicaldevice.obj
g:\repos\vulkansandbox\vulkansandbox\x64\release\sblogicaldevice.obj
g:\repos\vulkansandbox\vulkansandbox\x64\release\sbcommandpool.obj
g:\repos\vulkansandbox\vulkansandbox\x64\release\vulkansetup.obj
g:\repos\vulkansandbox\vulkansandbox\x64\release\vulkanhelperfunctions.obj
g:\repos\vulkansandbox\vulkansandbox\x64\release\uncompressedanimationkeys.obj
g:\repos\vulkansandbox\vulkansandbox\x64\release\uncompressedanimation.obj
g:\repos\vulkansandbox\vulkansandbox\x64\release\sponza.obj
g:\repos\vulkansandbox\vulkansandbox\x64\release\spline.obj
g:\repos\vulkansandbox\vulkansandbox\x64\release\spirv_reflect.obj
g:\repos\vulkansandbox\vulkansandbox\x64\release\spirv_parser.obj
g:\repos\vulkansandbox\vulkansandbox\x64\release\spirv_msl.obj
g:\repos\vulkansandbox\vulkansandbox\x64\release\sbpipelinebuilder.obj
g:\repos\vulkansandbox\vulkansandbox\x64\release\testrenderpass.obj
g:\repos\vulkansandbox\vulkansandbox\x64\release\vktest.obj
g:\repos\vulkansandbox\vulkansandbox\x64\release\vulkaninitializers.obj
g:\repos\vulkansandbox\x64\release\vulkansandbox.exe
g:\repos\vulkansandbox\x64\release\vulkansandbox.pdb
c:\users\colin\source\repos\vulkansandbox\x64\release\vulkansandbox.ipdb
c:\users\colin\source\repos\vulkansandbox\x64\release\vulkansandbox.iobj
g:\repos\vulkansandbox\x64\release\vulkansandbox.ipdb
g:\repos\vulkansandbox\x64\release\vulkansandbox.iobj
g:\repos\vulkansandbox\vulkansandbox\x64\release\vulkansandbox.tlog\cl.command.1.tlog
g:\repos\vulkansandbox\vulkansandbox\x64\release\vulkansandbox.tlog\cl.read.1.tlog
g:\repos\vulkansandbox\vulkansandbox\x64\release\vulkansandbox.tlog\cl.write.1.tlog
g:\repos\vulkansandbox\vulkansandbox\x64\release\vulkansandbox.tlog\link.command.1.tlog
g:\repos\vulkansandbox\vulkansandbox\x64\release\vulkansandbox.tlog\link.read.1.tlog
g:\repos\vulkansandbox\vulkansandbox\x64\release\vulkansandbox.tlog\link.write.1.tlog
g:\repos\vulkansandbox\vulkansandbox\x64\release\vulkansandbox.tlog\vulkansandbox.write.1u.tlog
