  HelloTriangleApplication.cpp
g:\repos\vulkansandbox\vulkansandbox\skeletalanimationcomponent.h(81): warning C4244: '=': conversion from 'double' to 'int', possible loss of data
g:\repos\vulkansandbox\vulkansandbox\skeletalanimationcomponent.h(83): warning C4267: '=': conversion from 'size_t' to 'int', possible loss of data
g:\repos\vulkansandbox\vulkansandbox\skeletalanimationcomponent.h(91): warning C4244: 'initializing': conversion from 'T' to 'float', possible loss of data
          with
          [
              T=double
          ]
g:\repos\vulkansandbox\vulkansandbox\skeletalanimationcomponent.h(93): warning C4244: '=': conversion from 'double' to 'float', possible loss of data
g:\repos\vulkansandbox\vulkansandbox\skeletalanimationcomponent.h(99): warning C4244: 'initializing': conversion from 'double' to 'float', possible loss of data
g:\repos\vulkansandbox\vulkansandbox\animatedvertex.h(26): warning C4267: '=': conversion from 'size_t' to 'T', possible loss of data
          with
          [
              T=glm::i32
          ]
g:\repos\vulkansandbox\vulkansandbox\scenestuff.h(245): warning C4267: 'initializing': conversion from 'size_t' to 'uint32_t', possible loss of data
g:\repos\vulkansandbox\vulkansandbox\scenestuff.h(412): warning C4101: 'memReqs': unreferenced local variable
g:\repos\vulkansandbox\vulkansandbox\scenestuff.h(415): warning C4101: 'data': unreferenced local variable
g:\repos\vulkansandbox\vulkansandbox\scenestuff.h(414): warning C4101: 'err': unreferenced local variable
g:\repos\vulkansandbox\vulkansandbox\hellotriangleapplication.cpp(366): warning C4267: '=': conversion from 'size_t' to 'uint32_t', possible loss of data
g:\repos\vulkansandbox\vulkansandbox\hellotriangleapplication.cpp(475): warning C4267: 'initializing': conversion from 'size_t' to 'uint32_t', possible loss of data
g:\repos\vulkansandbox\vulkansandbox\hellotriangleapplication.cpp(508): warning C4267: 'initializing': conversion from 'size_t' to 'uint32_t', possible loss of data
  MyRenderPass.cpp
  Generating code
  2 of 17237 functions (<0.1%) were compiled, the rest were copied from previous compilation.
    1 functions were new in current compilation
    9 functions had inline decision re-evaluated but remain unchanged
  Finished generating code
  VulkanSandbox.vcxproj -> G:\repos\VulkanSandbox\x64\Release\VulkanSandbox.exe
