c:\users\colin\source\repos\vulkansandbox\vulkansandbox\x64\debug\vc141.pdb
c:\users\colin\source\repos\vulkansandbox\vulkansandbox\x64\debug\vc141.idb
c:\users\colin\source\repos\vulkansandbox\vulkansandbox\x64\debug\vulkansetup.obj
c:\users\colin\source\repos\vulkansandbox\vulkansandbox\x64\debug\main.obj
c:\users\colin\source\repos\vulkansandbox\vulkansandbox\x64\debug\glfwsetup.obj
c:\users\colin\source\repos\vulkansandbox\vulkansandbox\x64\debug\fbxsdkstuff.obj
c:\users\colin\source\repos\vulkansandbox\vulkansandbox\x64\debug\animationstuff.obj
c:\users\colin\source\repos\vulkansandbox\x64\debug\vulkansandbox.exe
c:\users\colin\source\repos\vulkansandbox\x64\debug\vulkansandbox.ilk
c:\users\colin\source\repos\vulkansandbox\x64\debug\vulkansandbox.pdb
c:\users\colin\source\repos\vulkansandbox\vulkansandbox\x64\debug\vulkansandbox.tlog\cl.command.1.tlog
c:\users\colin\source\repos\vulkansandbox\vulkansandbox\x64\debug\vulkansandbox.tlog\cl.read.1.tlog
c:\users\colin\source\repos\vulkansandbox\vulkansandbox\x64\debug\vulkansandbox.tlog\cl.write.1.tlog
c:\users\colin\source\repos\vulkansandbox\vulkansandbox\x64\debug\vulkansandbox.tlog\link.20328-cvtres.read.1.tlog
c:\users\colin\source\repos\vulkansandbox\vulkansandbox\x64\debug\vulkansandbox.tlog\link.20328-cvtres.write.1.tlog
c:\users\colin\source\repos\vulkansandbox\vulkansandbox\x64\debug\vulkansandbox.tlog\link.20328-rc.read.1.tlog
c:\users\colin\source\repos\vulkansandbox\vulkansandbox\x64\debug\vulkansandbox.tlog\link.20328-rc.write.1.tlog
c:\users\colin\source\repos\vulkansandbox\vulkansandbox\x64\debug\vulkansandbox.tlog\link.20328.read.1.tlog
c:\users\colin\source\repos\vulkansandbox\vulkansandbox\x64\debug\vulkansandbox.tlog\link.20328.write.1.tlog
c:\users\colin\source\repos\vulkansandbox\vulkansandbox\x64\debug\vulkansandbox.tlog\link.command.1.tlog
c:\users\colin\source\repos\vulkansandbox\vulkansandbox\x64\debug\vulkansandbox.tlog\link.read.1.tlog
c:\users\colin\source\repos\vulkansandbox\vulkansandbox\x64\debug\vulkansandbox.tlog\link.write.1.tlog
